2012/11/27 02:46:22 [error] [php] mail() [<a href='function.mail'>function.mail</a>]: Failed to connect to mailserver at &quot;localhost&quot; port 25, verify your &quot;SMTP&quot; and &quot;smtp_port&quot; setting in php.ini or use ini_set() (E:\dosauto\protected\controllers\SiteController.php:67)
Stack trace:
#0 E:\yii\framework\web\CController.php(308): CInlineAction->runWithParams()
#1 E:\yii\framework\web\CController.php(286): SiteController->runAction()
#2 E:\yii\framework\web\CController.php(265): SiteController->runActionWithFilters()
#3 E:\yii\framework\web\CWebApplication.php(282): SiteController->run()
#4 E:\yii\framework\web\CWebApplication.php(141): CWebApplication->runController()
#5 E:\yii\framework\base\CApplication.php(168): CWebApplication->processRequest()
#6 E:\dosauto\index.php(13): CWebApplication->run()
REQUEST_URI=/index.php?r=site/contact
in E:\dosauto\protected\controllers\SiteController.php (67)
in E:\dosauto\index.php (13)
2012/11/27 15:22:03 [error] [exception.CHttpException.404] exception 'CHttpException' with message 'The system is unable to find the requested action "tupian".' in E:\yii\framework\web\CController.php:484
Stack trace:
#0 E:\yii\framework\web\CController.php(271): CController->missingAction('tupian')
#1 E:\yii\framework\web\CWebApplication.php(283): CController->run('tupian')
#2 E:\yii\framework\web\CWebApplication.php(142): CWebApplication->runController('site/tupian/bia...')
#3 E:\yii\framework\base\CApplication.php(162): CWebApplication->processRequest()
#4 E:\dosauto\index.php(13): CApplication->run()
#5 {main}
REQUEST_URI=/index.php/site/tupian/biaozhi.jpg
HTTP_REFERER=http://zf.cn/index.php/site/test
---
2012/11/27 15:22:03 [error] [exception.CHttpException.404] exception 'CHttpException' with message 'The system is unable to find the requested action "tupian".' in E:\yii\framework\web\CController.php:484
Stack trace:
#0 E:\yii\framework\web\CController.php(271): CController->missingAction('tupian')
#1 E:\yii\framework\web\CWebApplication.php(283): CController->run('tupian')
#2 E:\yii\framework\web\CWebApplication.php(142): CWebApplication->runController('site/tupian/di_...')
#3 E:\yii\framework\base\CApplication.php(162): CWebApplication->processRequest()
#4 E:\dosauto\index.php(13): CApplication->run()
#5 {main}
REQUEST_URI=/index.php/site/tupian/di_apptu.jpg
HTTP_REFERER=http://zf.cn/index.php/site/test
---
2012/11/27 15:23:29 [error] [exception.CHttpException.404] exception 'CHttpException' with message 'The system is unable to find the requested action "tupian".' in E:\yii\framework\web\CController.php:484
Stack trace:
#0 E:\yii\framework\web\CController.php(271): CController->missingAction('tupian')
#1 E:\yii\framework\web\CWebApplication.php(283): CController->run('tupian')
#2 E:\yii\framework\web\CWebApplication.php(142): CWebApplication->runController('site/tupian/bia...')
#3 E:\yii\framework\base\CApplication.php(162): CWebApplication->processRequest()
#4 E:\dosauto\index.php(13): CApplication->run()
#5 {main}
REQUEST_URI=/index.php/site/tupian/biaozhi.jpg
HTTP_REFERER=http://zf.cn/index.php/site/test
---
2012/11/27 15:23:29 [error] [exception.CHttpException.404] exception 'CHttpException' with message 'The system is unable to find the requested action "tupian".' in E:\yii\framework\web\CController.php:484
Stack trace:
#0 E:\yii\framework\web\CController.php(271): CController->missingAction('tupian')
#1 E:\yii\framework\web\CWebApplication.php(283): CController->run('tupian')
#2 E:\yii\framework\web\CWebApplication.php(142): CWebApplication->runController('site/tupian/di_...')
#3 E:\yii\framework\base\CApplication.php(162): CWebApplication->processRequest()
#4 E:\dosauto\index.php(13): CApplication->run()
#5 {main}
REQUEST_URI=/index.php/site/tupian/di_apptu.jpg
HTTP_REFERER=http://zf.cn/index.php/site/test
---
2012/11/27 15:24:25 [error] [exception.CHttpException.404] exception 'CHttpException' with message 'The system is unable to find the requested action "tupian".' in E:\yii\framework\web\CController.php:484
Stack trace:
#0 E:\yii\framework\web\CController.php(271): CController->missingAction('tupian')
#1 E:\yii\framework\web\CWebApplication.php(283): CController->run('tupian')
#2 E:\yii\framework\web\CWebApplication.php(142): CWebApplication->runController('site/tupian/bia...')
#3 E:\yii\framework\base\CApplication.php(162): CWebApplication->processRequest()
#4 E:\dosauto\index.php(13): CApplication->run()
#5 {main}
REQUEST_URI=/index.php/site/tupian/biaozhi.jpg
HTTP_REFERER=http://zf.cn/index.php/site/test
---
2012/11/27 15:24:25 [error] [exception.CHttpException.404] exception 'CHttpException' with message 'The system is unable to find the requested action "tupian".' in E:\yii\framework\web\CController.php:484
Stack trace:
#0 E:\yii\framework\web\CController.php(271): CController->missingAction('tupian')
#1 E:\yii\framework\web\CWebApplication.php(283): CController->run('tupian')
#2 E:\yii\framework\web\CWebApplication.php(142): CWebApplication->runController('site/tupian/di_...')
#3 E:\yii\framework\base\CApplication.php(162): CWebApplication->processRequest()
#4 E:\dosauto\index.php(13): CApplication->run()
#5 {main}
REQUEST_URI=/index.php/site/tupian/di_apptu.jpg
HTTP_REFERER=http://zf.cn/index.php/site/test
---
2012/12/01 01:36:24 [error] [exception.CHttpException.404] exception 'CHttpException' with message 'Unable to resolve the request "xw_huodong.html".' in D:\AppServ\www\zaifeng\yii\framework\web\CWebApplication.php:280
Stack trace:
#0 D:\AppServ\www\zaifeng\yii\framework\web\CWebApplication.php(135): CWebApplication->runController('xw_huodong.html')
#1 D:\AppServ\www\zaifeng\yii\framework\base\CApplication.php(162): CWebApplication->processRequest()
#2 D:\AppServ\www\zaifeng\dosauto\index.php(15): CApplication->run()
#3 {main}
REQUEST_URI=/xw_huodong.html
HTTP_REFERER=http://auto.fei.com/
---
2012/12/01 01:36:26 [error] [exception.CHttpException.404] exception 'CHttpException' with message 'Unable to resolve the request "xw_gongsi.html".' in D:\AppServ\www\zaifeng\yii\framework\web\CWebApplication.php:280
Stack trace:
#0 D:\AppServ\www\zaifeng\yii\framework\web\CWebApplication.php(135): CWebApplication->runController('xw_gongsi.html')
#1 D:\AppServ\www\zaifeng\yii\framework\base\CApplication.php(162): CWebApplication->processRequest()
#2 D:\AppServ\www\zaifeng\dosauto\index.php(15): CApplication->run()
#3 {main}
REQUEST_URI=/xw_gongsi.html
HTTP_REFERER=http://auto.fei.com/xw_huodong.html
---
2012/12/01 01:36:36 [error] [exception.CHttpException.404] exception 'CHttpException' with message 'Unable to resolve the request "index.html".' in D:\AppServ\www\zaifeng\yii\framework\web\CWebApplication.php:280
Stack trace:
#0 D:\AppServ\www\zaifeng\yii\framework\web\CWebApplication.php(135): CWebApplication->runController('index.html')
#1 D:\AppServ\www\zaifeng\yii\framework\base\CApplication.php(162): CWebApplication->processRequest()
#2 D:\AppServ\www\zaifeng\dosauto\index.php(15): CApplication->run()
#3 {main}
REQUEST_URI=/index.html
HTTP_REFERER=http://auto.fei.com/xw_gongsi.html
---
2012/12/01 01:36:37 [error] [exception.CHttpException.404] exception 'CHttpException' with message 'Unable to resolve the request "index.html".' in D:\AppServ\www\zaifeng\yii\framework\web\CWebApplication.php:280
Stack trace:
#0 D:\AppServ\www\zaifeng\yii\framework\web\CWebApplication.php(135): CWebApplication->runController('index.html')
#1 D:\AppServ\www\zaifeng\yii\framework\base\CApplication.php(162): CWebApplication->processRequest()
#2 D:\AppServ\www\zaifeng\dosauto\index.php(15): CApplication->run()
#3 {main}
REQUEST_URI=/index.html
HTTP_REFERER=http://auto.fei.com/index.html
---
2012/12/01 01:36:41 [error] [exception.CHttpException.404] exception 'CHttpException' with message 'Unable to resolve the request "index.html".' in D:\AppServ\www\zaifeng\yii\framework\web\CWebApplication.php:280
Stack trace:
#0 D:\AppServ\www\zaifeng\yii\framework\web\CWebApplication.php(135): CWebApplication->runController('index.html')
#1 D:\AppServ\www\zaifeng\yii\framework\base\CApplication.php(162): CWebApplication->processRequest()
#2 D:\AppServ\www\zaifeng\dosauto\index.php(15): CApplication->run()
#3 {main}
REQUEST_URI=/index.html
HTTP_REFERER=http://auto.fei.com/index.html
---
2012/12/01 01:38:08 [error] [exception.CHttpException.404] exception 'CHttpException' with message 'Unable to resolve the request "index.html".' in D:\AppServ\www\zaifeng\yii\framework\web\CWebApplication.php:280
Stack trace:
#0 D:\AppServ\www\zaifeng\yii\framework\web\CWebApplication.php(135): CWebApplication->runController('index.html')
#1 D:\AppServ\www\zaifeng\yii\framework\base\CApplication.php(162): CWebApplication->processRequest()
#2 D:\AppServ\www\zaifeng\dosauto\index.php(15): CApplication->run()
#3 {main}
REQUEST_URI=/index.html
---
2012/12/01 01:38:09 [error] [exception.CHttpException.404] exception 'CHttpException' with message 'Unable to resolve the request "index.html".' in D:\AppServ\www\zaifeng\yii\framework\web\CWebApplication.php:280
Stack trace:
#0 D:\AppServ\www\zaifeng\yii\framework\web\CWebApplication.php(135): CWebApplication->runController('index.html')
#1 D:\AppServ\www\zaifeng\yii\framework\base\CApplication.php(162): CWebApplication->processRequest()
#2 D:\AppServ\www\zaifeng\dosauto\index.php(15): CApplication->run()
#3 {main}
REQUEST_URI=/index.html
---
2012/12/01 01:38:10 [error] [exception.CHttpException.404] exception 'CHttpException' with message 'Unable to resolve the request "index.html".' in D:\AppServ\www\zaifeng\yii\framework\web\CWebApplication.php:280
Stack trace:
#0 D:\AppServ\www\zaifeng\yii\framework\web\CWebApplication.php(135): CWebApplication->runController('index.html')
#1 D:\AppServ\www\zaifeng\yii\framework\base\CApplication.php(162): CWebApplication->processRequest()
#2 D:\AppServ\www\zaifeng\dosauto\index.php(15): CApplication->run()
#3 {main}
REQUEST_URI=/index.html
HTTP_REFERER=http://auto.fei.com/index.html
---
2012/12/01 06:42:32 [error] [exception.CHttpException.404] exception 'CHttpException' with message 'Unable to resolve the request "favicon.ico".' in D:\AppServ\www\zaifeng\yii\framework\web\CWebApplication.php:280
Stack trace:
#0 D:\AppServ\www\zaifeng\yii\framework\web\CWebApplication.php(135): CWebApplication->runController('favicon.ico')
#1 D:\AppServ\www\zaifeng\yii\framework\base\CApplication.php(162): CWebApplication->processRequest()
#2 D:\AppServ\www\zaifeng\dosauto\index.php(15): CApplication->run()
#3 {main}
REQUEST_URI=/favicon.ico
---
2012/12/01 06:42:32 [error] [exception.CHttpException.404] exception 'CHttpException' with message 'Unable to resolve the request "favicon.ico".' in D:\AppServ\www\zaifeng\yii\framework\web\CWebApplication.php:280
Stack trace:
#0 D:\AppServ\www\zaifeng\yii\framework\web\CWebApplication.php(135): CWebApplication->runController('favicon.ico')
#1 D:\AppServ\www\zaifeng\yii\framework\base\CApplication.php(162): CWebApplication->processRequest()
#2 D:\AppServ\www\zaifeng\dosauto\index.php(15): CApplication->run()
#3 {main}
REQUEST_URI=/favicon.ico
---
